Using pre-set license
Built from '2020.2/release' branch; Version is '2020.2.2f1 (068178b99f32) revision 426360'; Using compiler version '192528614'; Build Type 'Release'
OS: 'Windows 10 Pro; OS build 22000.258; Version 2009; 64bit' Language: 'en' Physical Memory: 32703 MB
BatchMode: 1, IsHumanControllingUs: 0, StartBugReporterOnCrash: 0, Is64bit: 1, IsPro: 0

 COMMAND LINE ARGUMENTS:
C:\Program Files\Unity\Hub\Editor\2020.2.2f1\Editor\Unity.exe
-adb2
-batchMode
-noUpm
-name
AssetImportWorker0
-projectPath
F:/Unity Projects/ShaderFuckFun
-logFile
Logs/AssetImportWorker0.log
-srvPort
50826
Successfully changed project path to: F:/Unity Projects/ShaderFuckFun
F:/Unity Projects/ShaderFuckFun
Using Asset Import Pipeline V2.
Refreshing native plugins compatible for Editor in 63.17 ms, found 0 plugins.
Preloading 0 native plugins for Editor in 0.00 ms.
Initialize engine version: 2020.2.2f1 (068178b99f32)
[Subsystems] Discovering subsystems at path C:/Program Files/Unity/Hub/Editor/2020.2.2f1/Editor/Data/Resources/UnitySubsystems
[Subsystems] Discovering subsystems at path F:/Unity Projects/ShaderFuckFun/Assets
GfxDevice: creating device client; threaded=0
Direct3D:
    Version:  Direct3D 11.0 [level 11.1]
    Renderer: NVIDIA GeForce RTX 3080 (ID=0x2206)
    Vendor:   
    VRAM:     10078 MB
    Driver:   30.0.14.9613
Initialize mono
Mono path[0] = 'C:/Program Files/Unity/Hub/Editor/2020.2.2f1/Editor/Data/Managed'
Mono path[1] = 'C:/Program Files/Unity/Hub/Editor/2020.2.2f1/Editor/Data/MonoBleedingEdge/lib/mono/unityjit'
Mono config path = 'C:/Program Files/Unity/Hub/Editor/2020.2.2f1/Editor/Data/MonoBleedingEdge/etc'
Using monoOptions --debugger-agent=transport=dt_socket,embedding=1,server=y,suspend=n,address=127.0.0.1:56304
Begin MonoManager ReloadAssembly
Registering precompiled unity dll's ...
Register platform support module: C:/Program Files/Unity/Hub/Editor/2020.2.2f1/Editor/Data/PlaybackEngines/WebGLSupport/UnityEditor.WebGL.Extensions.dll
Register platform support module: C:/Program Files/Unity/Hub/Editor/2020.2.2f1/Editor/Data/PlaybackEngines/WindowsStandaloneSupport/UnityEditor.WindowsStandalone.Extensions.dll
Registered in 0.001869 seconds.
Native extension for WindowsStandalone target not found
Native extension for WebGL target not found
Refreshing native plugins compatible for Editor in 53.02 ms, found 0 plugins.
Preloading 0 native plugins for Editor in 0.00 ms.
Invoked RoslynAnalysisRunner static constructor.
RoslynAnalysisRunner will not be running.
RoslynAnalysisRunner has terminated.
Mono: successfully reloaded assembly
- Completed reload, in  3.128 seconds
Platform modules already initialized, skipping
Registering precompiled user dll's ...
Registered in 0.004350 seconds.
Begin MonoManager ReloadAssembly
Native extension for WindowsStandalone target not found
Native extension for WebGL target not found
Refreshing native plugins compatible for Editor in 50.47 ms, found 0 plugins.
Preloading 0 native plugins for Editor in 0.00 ms.
Invoked RoslynAnalysisRunner static constructor.
RoslynAnalysisRunner will not be running.
RoslynAnalysisRunner has terminated.
Mono: successfully reloaded assembly
- Completed reload, in  1.188 seconds
Platform modules already initialized, skipping
========================================================================
Worker process is ready to serve import requests
Shader 'Universal Render Pipeline/Particles/Lit': fallback shader 'Universal Render Pipeline/Particles/SimpleLit' not found
Shader 'Universal Render Pipeline/Particles/Lit': fallback shader 'Universal Render Pipeline/Particles/SimpleLit' not found
Launched and connected shader compiler UnityShaderCompiler.exe after 0.13 seconds
Refreshing native plugins compatible for Editor in 0.52 ms, found 0 plugins.
Preloading 0 native plugins for Editor in 0.00 ms.
Unloading 2919 Unused Serialized files (Serialized files now loaded: 0)
System memory in use before: 129.5 MB.
System memory in use after: 127.5 MB.

Unloading 43 unused Assets to reduce memory usage. Loaded Objects now: 3331.
Total: 4.118900 ms (FindLiveObjects: 0.477000 ms CreateObjectMapping: 0.236300 ms MarkObjects: 2.182500 ms  DeleteObjects: 1.221600 ms)

========================================================================
Received Import Request.
  path: Assets/Shader/Water/DistortionFlow.shader
  artifactKey: Guid(6eb0fdb8fc62fcd479c3be1ff96f3c33) Importer(815301076,1909f56bfc062723c751e8b465ee728b)
Start importing Assets/Shader/Water/DistortionFlow.shader using Guid(6eb0fdb8fc62fcd479c3be1ff96f3c33) Importer(815301076,1909f56bfc062723c751e8b465ee728b)  -> (artifact id: 'f7f2453c5883277dfdb44b1eb39981f7') in 0.110401 seconds
  Import took 0.155463 seconds .

========================================================================
Received Import Request.
  Time since last request: 86.871604 seconds.
  path: Assets/Shader/Water/DistortionFlow.shader
  artifactKey: Guid(6eb0fdb8fc62fcd479c3be1ff96f3c33) Importer(815301076,1909f56bfc062723c751e8b465ee728b)
Start importing Assets/Shader/Water/DistortionFlow.shader using Guid(6eb0fdb8fc62fcd479c3be1ff96f3c33) Importer(815301076,1909f56bfc062723c751e8b465ee728b)  -> (artifact id: '716a03bbb4f2ad81be05dcd267aeb04a') in 0.015296 seconds
  Import took 0.029327 seconds .

========================================================================
Received Import Request.
  Time since last request: 67.933090 seconds.
  path: Assets/Shader/Water/Flow2.shader
  artifactKey: Guid(e783efbc137e7c64a9a95c2c1a85e5db) Importer(815301076,1909f56bfc062723c751e8b465ee728b)
Start importing Assets/Shader/Water/Flow2.shader using Guid(e783efbc137e7c64a9a95c2c1a85e5db) Importer(815301076,1909f56bfc062723c751e8b465ee728b)  -> (artifact id: '9ca4fe2875983531796a8831bf5e938a') in 0.052321 seconds
  Import took 0.083882 seconds .

========================================================================
Received Import Request.
  Time since last request: 180.736581 seconds.
  path: Assets/Shader/Water/OOO.mat
  artifactKey: Guid(74911a8d95bd57f40bee0734455db594) Importer(815301076,1909f56bfc062723c751e8b465ee728b)
Start importing Assets/Shader/Water/OOO.mat using Guid(74911a8d95bd57f40bee0734455db594) Importer(815301076,1909f56bfc062723c751e8b465ee728b)  -> (artifact id: '921493f042bf833000b8ae412717fcd6') in 0.317750 seconds
  Import took 0.396241 seconds .

========================================================================
Received Prepare
Switching render pipeline 19ba41d7c0026c3459d37c2fe90c55a0 -> 00000000000000000000000000000000
Shader 'Universal Render Pipeline/Particles/Lit': fallback shader 'Universal Render Pipeline/Particles/SimpleLit' not found
Shader 'Universal Render Pipeline/Particles/Lit': fallback shader 'Universal Render Pipeline/Particles/SimpleLit' not found
Refreshing native plugins compatible for Editor in 1.58 ms, found 0 plugins.
Preloading 0 native plugins for Editor in 0.00 ms.
Unloading 37 Unused Serialized files (Serialized files now loaded: 0)
System memory in use before: 76.3 MB.
System memory in use after: 74.1 MB.

Unloading 37 unused Assets to reduce memory usage. Loaded Objects now: 3434.
Total: 4.936100 ms (FindLiveObjects: 0.460700 ms CreateObjectMapping: 0.206800 ms MarkObjects: 2.925300 ms  DeleteObjects: 1.341300 ms)

========================================================================
Received Import Request.
  Time since last request: 704.854688 seconds.
  path: Assets/Shader/Water/flowmap.png
  artifactKey: Guid(a2711e533c6066a4eaf7003e597f225e) Importer(815301076,1909f56bfc062723c751e8b465ee728b)
Start importing Assets/Shader/Water/flowmap.png using Guid(a2711e533c6066a4eaf7003e597f225e) Importer(815301076,1909f56bfc062723c751e8b465ee728b)  -> (artifact id: '011689f4cfb22522174b826ace87b63b') in 0.145119 seconds
  Import took 0.176350 seconds .

========================================================================
Received Import Request.
  Time since last request: 937.476737 seconds.
  path: Assets/Shader/Water/DistortionFlow.shader
  artifactKey: Guid(6eb0fdb8fc62fcd479c3be1ff96f3c33) Importer(815301076,1909f56bfc062723c751e8b465ee728b)
Start importing Assets/Shader/Water/DistortionFlow.shader using Guid(6eb0fdb8fc62fcd479c3be1ff96f3c33) Importer(815301076,1909f56bfc062723c751e8b465ee728b)  -> (artifact id: '4f84ece6dbdae103aa979fefd5175162') in 0.065442 seconds
  Import took 0.140209 seconds .

========================================================================
Received Import Request.
  Time since last request: 0.004268 seconds.
  path: Assets/Shader/Water/DistortionFlow.shader
  artifactKey: Guid(6eb0fdb8fc62fcd479c3be1ff96f3c33) Importer(815301076,1909f56bfc062723c751e8b465ee728b)
Start importing Assets/Shader/Water/DistortionFlow.shader using Guid(6eb0fdb8fc62fcd479c3be1ff96f3c33) Importer(815301076,1909f56bfc062723c751e8b465ee728b)  -> (artifact id: '4f84ece6dbdae103aa979fefd5175162') in 0.050573 seconds
  Import took 0.062028 seconds .

========================================================================
Received Import Request.
  Time since last request: 8.530719 seconds.
  path: Assets/Shader/Water/DistortionFlow.shader
  artifactKey: Guid(6eb0fdb8fc62fcd479c3be1ff96f3c33) Importer(815301076,1909f56bfc062723c751e8b465ee728b)
Start importing Assets/Shader/Water/DistortionFlow.shader using Guid(6eb0fdb8fc62fcd479c3be1ff96f3c33) Importer(815301076,1909f56bfc062723c751e8b465ee728b)  -> (artifact id: 'c370e8b4275e46bee221559236592bd6') in 0.050592 seconds
  Import took 0.123836 seconds .

========================================================================
Received Import Request.
  Time since last request: 0.041577 seconds.
  path: Assets/Shader/Water/DistortionFlow.shader
  artifactKey: Guid(6eb0fdb8fc62fcd479c3be1ff96f3c33) Importer(815301076,1909f56bfc062723c751e8b465ee728b)
Start importing Assets/Shader/Water/DistortionFlow.shader using Guid(6eb0fdb8fc62fcd479c3be1ff96f3c33) Importer(815301076,1909f56bfc062723c751e8b465ee728b)  -> (artifact id: 'c370e8b4275e46bee221559236592bd6') in 0.027830 seconds
  Import took 0.032974 seconds .

========================================================================
Received Import Request.
  Time since last request: 14.242361 seconds.
  path: Assets/Shader/Water/DistortionFlow.shader
  artifactKey: Guid(6eb0fdb8fc62fcd479c3be1ff96f3c33) Importer(815301076,1909f56bfc062723c751e8b465ee728b)
Start importing Assets/Shader/Water/DistortionFlow.shader using Guid(6eb0fdb8fc62fcd479c3be1ff96f3c33) Importer(815301076,1909f56bfc062723c751e8b465ee728b)  -> (artifact id: 'fe58b5ebf0660abc11d6132351b1547d') in 0.349257 seconds
  Import took 0.362142 seconds .

========================================================================
Received Import Request.
  Time since last request: 0.022877 seconds.
  path: Assets/Shader/Water/DistortionFlow.shader
  artifactKey: Guid(6eb0fdb8fc62fcd479c3be1ff96f3c33) Importer(815301076,1909f56bfc062723c751e8b465ee728b)
Start importing Assets/Shader/Water/DistortionFlow.shader using Guid(6eb0fdb8fc62fcd479c3be1ff96f3c33) Importer(815301076,1909f56bfc062723c751e8b465ee728b)  -> (artifact id: 'fe58b5ebf0660abc11d6132351b1547d') in 0.055645 seconds
  Import took 0.062181 seconds .

========================================================================
Received Import Request.
  Time since last request: 5.831415 seconds.
  path: Assets/Shader/Water/DistortionFlow.shader
  artifactKey: Guid(6eb0fdb8fc62fcd479c3be1ff96f3c33) Importer(815301076,1909f56bfc062723c751e8b465ee728b)
Start importing Assets/Shader/Water/DistortionFlow.shader using Guid(6eb0fdb8fc62fcd479c3be1ff96f3c33) Importer(815301076,1909f56bfc062723c751e8b465ee728b)  -> (artifact id: '11b12e409af6a76e5bc5e4f4caaf6853') in 0.030672 seconds
  Import took 0.054022 seconds .

========================================================================
Received Import Request.
  Time since last request: 0.022040 seconds.
  path: Assets/Shader/Water/DistortionFlow.shader
  artifactKey: Guid(6eb0fdb8fc62fcd479c3be1ff96f3c33) Importer(815301076,1909f56bfc062723c751e8b465ee728b)
Start importing Assets/Shader/Water/DistortionFlow.shader using Guid(6eb0fdb8fc62fcd479c3be1ff96f3c33) Importer(815301076,1909f56bfc062723c751e8b465ee728b)  -> (artifact id: '11b12e409af6a76e5bc5e4f4caaf6853') in 0.046030 seconds
  Import took 0.053220 seconds .

========================================================================
Received Import Request.
  Time since last request: 7.637232 seconds.
  path: Assets/Shader/Water/DistortionFlow.shader
  artifactKey: Guid(6eb0fdb8fc62fcd479c3be1ff96f3c33) Importer(815301076,1909f56bfc062723c751e8b465ee728b)
Start importing Assets/Shader/Water/DistortionFlow.shader using Guid(6eb0fdb8fc62fcd479c3be1ff96f3c33) Importer(815301076,1909f56bfc062723c751e8b465ee728b)  -> (artifact id: 'c9fc3863f72d9ceb04e8daf4795fd703') in 0.049215 seconds
  Import took 0.087121 seconds .

========================================================================
Received Import Request.
  Time since last request: 4501.365891 seconds.
  path: Assets/Shader/Water/DistortionFlow.shader
  artifactKey: Guid(6eb0fdb8fc62fcd479c3be1ff96f3c33) Importer(815301076,1909f56bfc062723c751e8b465ee728b)
Start importing Assets/Shader/Water/DistortionFlow.shader using Guid(6eb0fdb8fc62fcd479c3be1ff96f3c33) Importer(815301076,1909f56bfc062723c751e8b465ee728b)  -> (artifact id: 'ef82ace2eb973e5982a5c33442ac02d1') in 0.059261 seconds
  Import took 0.097401 seconds .

========================================================================
Received Import Request.
  Time since last request: 0.075002 seconds.
  path: Assets/Shader/Water/DistortionFlow.shader
  artifactKey: Guid(6eb0fdb8fc62fcd479c3be1ff96f3c33) Importer(815301076,1909f56bfc062723c751e8b465ee728b)
Start importing Assets/Shader/Water/DistortionFlow.shader using Guid(6eb0fdb8fc62fcd479c3be1ff96f3c33) Importer(815301076,1909f56bfc062723c751e8b465ee728b)  -> (artifact id: 'ef82ace2eb973e5982a5c33442ac02d1') in 0.037921 seconds
  Import took 0.045428 seconds .

========================================================================
Received Import Request.
  Time since last request: 112.968378 seconds.
  path: Assets/Shader/Water/DistortionFlow.shader
  artifactKey: Guid(6eb0fdb8fc62fcd479c3be1ff96f3c33) Importer(815301076,1909f56bfc062723c751e8b465ee728b)
Start importing Assets/Shader/Water/DistortionFlow.shader using Guid(6eb0fdb8fc62fcd479c3be1ff96f3c33) Importer(815301076,1909f56bfc062723c751e8b465ee728b)  -> (artifact id: '9a77c17831cfe93bc8b0aa795cfd6e60') in 0.044001 seconds
  Import took 0.093110 seconds .

========================================================================
Received Import Request.
  Time since last request: 0.020043 seconds.
  path: Assets/Shader/Water/DistortionFlow.shader
  artifactKey: Guid(6eb0fdb8fc62fcd479c3be1ff96f3c33) Importer(815301076,1909f56bfc062723c751e8b465ee728b)
Start importing Assets/Shader/Water/DistortionFlow.shader using Guid(6eb0fdb8fc62fcd479c3be1ff96f3c33) Importer(815301076,1909f56bfc062723c751e8b465ee728b)  -> (artifact id: '9a77c17831cfe93bc8b0aa795cfd6e60') in 0.044530 seconds
  Import took 0.059610 seconds .

========================================================================
Received Import Request.
  Time since last request: 778.554959 seconds.
  path: Assets/Shader/Water/water-derivative-height.png
  artifactKey: Guid(b88b85b70c70ac144970f431fdb9d374) Importer(815301076,1909f56bfc062723c751e8b465ee728b)
Start importing Assets/Shader/Water/water-derivative-height.png using Guid(b88b85b70c70ac144970f431fdb9d374) Importer(815301076,1909f56bfc062723c751e8b465ee728b)  -> (artifact id: '799fa3736da326b9cd7c0befcefb366b') in 0.131674 seconds
  Import took 0.146699 seconds .

========================================================================
Received Import Request.
  Time since last request: 0.000309 seconds.
  path: Assets/Shader/Water/water-normal.png
  artifactKey: Guid(efb4285024cde2446a80a086de259752) Importer(815301076,1909f56bfc062723c751e8b465ee728b)
Start importing Assets/Shader/Water/water-normal.png using Guid(efb4285024cde2446a80a086de259752) Importer(815301076,1909f56bfc062723c751e8b465ee728b)  -> (artifact id: 'bcba4b542e3468d43b80afc772adeeb0') in 0.100603 seconds
  Import took 0.109812 seconds .

========================================================================
Received Import Request.
  Time since last request: 0.000267 seconds.
  path: Assets/Shader/Water/water.png
  artifactKey: Guid(8879d98b1566d694ab8097a9acbff1a3) Importer(815301076,1909f56bfc062723c751e8b465ee728b)
Start importing Assets/Shader/Water/water.png using Guid(8879d98b1566d694ab8097a9acbff1a3) Importer(815301076,1909f56bfc062723c751e8b465ee728b)  -> (artifact id: '0b116d64111c99851e0cac37803eb908') in 0.082598 seconds
  Import took 0.097693 seconds .

========================================================================
Received Import Request.
  Time since last request: 354.210563 seconds.
  path: Assets/Shader/Water/Agony.mat
  artifactKey: Guid(e6516c50aec5eb942a2a107eabe1ccf7) Importer(815301076,1909f56bfc062723c751e8b465ee728b)
Start importing Assets/Shader/Water/Agony.mat using Guid(e6516c50aec5eb942a2a107eabe1ccf7) Importer(815301076,1909f56bfc062723c751e8b465ee728b)  -> (artifact id: '5cf73167a559074cc3482fd174033f58') in 0.512981 seconds
  Import took 0.519017 seconds .

========================================================================
Received Import Request.
  Time since last request: 0.000268 seconds.
  path: Assets/Shader/Water/OOO.mat
  artifactKey: Guid(74911a8d95bd57f40bee0734455db594) Importer(815301076,1909f56bfc062723c751e8b465ee728b)
Start importing Assets/Shader/Water/OOO.mat using Guid(74911a8d95bd57f40bee0734455db594) Importer(815301076,1909f56bfc062723c751e8b465ee728b)  -> (artifact id: '215e7dd07952f2a2967305924574f556') in 0.105387 seconds
  Import took 0.111709 seconds .

========================================================================
Received Import Request.
  Time since last request: 5354.399306 seconds.
  path: Assets/BodyGuards/Meshes/screen.fbx
  artifactKey: Guid(a6e4323446051b94e961883501d13337) Importer(815301076,1909f56bfc062723c751e8b465ee728b)
Start importing Assets/BodyGuards/Meshes/screen.fbx using Guid(a6e4323446051b94e961883501d13337) Importer(815301076,1909f56bfc062723c751e8b465ee728b)  -> (artifact id: 'cad55c623a19587ebdf1c3e5d94a9b3e') in 0.352024 seconds
  Import took 0.387576 seconds .

========================================================================
Received Import Request.
  Time since last request: 0.000322 seconds.
  path: Assets/BodyGuards/Meshes/SkelMesh_Bodyguard_04.fbx
  artifactKey: Guid(69e0bf832ba8212478b45616cc569f75) Importer(815301076,1909f56bfc062723c751e8b465ee728b)
Start importing Assets/BodyGuards/Meshes/SkelMesh_Bodyguard_04.fbx using Guid(69e0bf832ba8212478b45616cc569f75) Importer(815301076,1909f56bfc062723c751e8b465ee728b)  -> (artifact id: '3361651910a97b83fe804dc5ed9463f5') in 0.916823 seconds
  Import took 0.947048 seconds .

========================================================================
Received Import Request.
  Time since last request: 0.000351 seconds.
  path: Assets/BodyGuards/Meshes/SkelMesh_Bodyguard_03.fbx
  artifactKey: Guid(6996385895b383749b266464bf872c69) Importer(815301076,1909f56bfc062723c751e8b465ee728b)
Start importing Assets/BodyGuards/Meshes/SkelMesh_Bodyguard_03.fbx using Guid(6996385895b383749b266464bf872c69) Importer(815301076,1909f56bfc062723c751e8b465ee728b)  -> (artifact id: '73d58d5fadd895e83d2ed149a544135b') in 0.754411 seconds
  Import took 0.781799 seconds .

========================================================================
Received Import Request.
  Time since last request: 0.000458 seconds.
  path: Assets/BodyGuards/Meshes/SkelMesh_Bodyguard_02.fbx
  artifactKey: Guid(765e2fde8c84f094e99304c6198491ea) Importer(815301076,1909f56bfc062723c751e8b465ee728b)
Start importing Assets/BodyGuards/Meshes/SkelMesh_Bodyguard_02.fbx using Guid(765e2fde8c84f094e99304c6198491ea) Importer(815301076,1909f56bfc062723c751e8b465ee728b)  -> (artifact id: '2819fd9a07fc484816281c29550646e2') in 0.211154 seconds
  Import took 0.271433 seconds .

========================================================================
Received Import Request.
  Time since last request: 0.000218 seconds.
  path: Assets/BodyGuards/Meshes/SkelMesh_Bodyguard_01.fbx
  artifactKey: Guid(bdd7a03fd93bf2d4cb6babd63ceabee8) Importer(815301076,1909f56bfc062723c751e8b465ee728b)
Start importing Assets/BodyGuards/Meshes/SkelMesh_Bodyguard_01.fbx using Guid(bdd7a03fd93bf2d4cb6babd63ceabee8) Importer(815301076,1909f56bfc062723c751e8b465ee728b)  -> (artifact id: '69f4f9b91e99bb8146d9f15795ef627f') in 0.140923 seconds
  Import took 0.145789 seconds .

========================================================================
Received Import Request.
  Time since last request: 178.595374 seconds.
  path: Assets/Models/Plane.fbx
  artifactKey: Guid(468c6b98b4dacb34d8024310526864d5) Importer(815301076,1909f56bfc062723c751e8b465ee728b)
Start importing Assets/Models/Plane.fbx using Guid(468c6b98b4dacb34d8024310526864d5) Importer(815301076,1909f56bfc062723c751e8b465ee728b)  -> (artifact id: '8c4f7cce926856b150d2fa149f960622') in 0.185438 seconds
  Import took 0.215514 seconds .

========================================================================
Received Import Request.
  Time since last request: 0.000321 seconds.
  path: Assets/Models/SmoothSphere.fbx
  artifactKey: Guid(ed3a34f49d542aa408cce9cd2bbe3749) Importer(815301076,1909f56bfc062723c751e8b465ee728b)
Start importing Assets/Models/SmoothSphere.fbx using Guid(ed3a34f49d542aa408cce9cd2bbe3749) Importer(815301076,1909f56bfc062723c751e8b465ee728b)  -> (artifact id: '0f2192e7b4d8b1f3fdee56a266a955a8') in 0.125066 seconds
  Import took 0.131214 seconds .

========================================================================
Received Prepare
Registering precompiled user dll's ...
Registered in 0.003473 seconds.
Begin MonoManager ReloadAssembly
Native extension for WindowsStandalone target not found
Native extension for WebGL target not found
Refreshing native plugins compatible for Editor in 0.49 ms, found 0 plugins.
Preloading 0 native plugins for Editor in 0.00 ms.
Invoked RoslynAnalysisRunner static constructor.
RoslynAnalysisRunner will not be running.
RoslynAnalysisRunner has terminated.
Mono: successfully reloaded assembly
- Completed reload, in  1.719 seconds
Platform modules already initialized, skipping
Shader 'Universal Render Pipeline/Particles/Lit': fallback shader 'Universal Render Pipeline/Particles/SimpleLit' not found
Shader 'Universal Render Pipeline/Particles/Lit': fallback shader 'Universal Render Pipeline/Particles/SimpleLit' not found
Refreshing native plugins compatible for Editor in 0.45 ms, found 0 plugins.
Preloading 0 native plugins for Editor in 0.00 ms.
Unloading 2852 Unused Serialized files (Serialized files now loaded: 0)
System memory in use before: 144.0 MB.
System memory in use after: 142.2 MB.

Unloading 38 unused Assets to reduce memory usage. Loaded Objects now: 3436.
Total: 4.092100 ms (FindLiveObjects: 0.618400 ms CreateObjectMapping: 0.211500 ms MarkObjects: 1.977600 ms  DeleteObjects: 1.282900 ms)

========================================================================
Received Import Request.
  Time since last request: 107030.612466 seconds.
  path: Assets/Invector-3rdPersonController_LITE/3D Models/Characters
  artifactKey: Guid(138409cb8cb94bf45add5b2a124104a4) Importer(815301076,1909f56bfc062723c751e8b465ee728b)
Start importing Assets/Invector-3rdPersonController_LITE/3D Models/Characters using Guid(138409cb8cb94bf45add5b2a124104a4) Importer(815301076,1909f56bfc062723c751e8b465ee728b)  -> (artifact id: 'dcfa874796cfc9ab09fd28199dcf1e9a') in 0.056074 seconds
  Import took 0.062670 seconds .

========================================================================
Received Import Request.
  Time since last request: 0.000490 seconds.
  path: Assets/Invector-3rdPersonController_LITE/3D Models/Characters/Invector@V-Bot 2.0/Prefab/VBOT2.0_Custom.prefab
  artifactKey: Guid(5563b2c1cf35cae4f8490dfea2d2aa41) Importer(815301076,1909f56bfc062723c751e8b465ee728b)
Start importing Assets/Invector-3rdPersonController_LITE/3D Models/Characters/Invector@V-Bot 2.0/Prefab/VBOT2.0_Custom.prefab using Guid(5563b2c1cf35cae4f8490dfea2d2aa41) Importer(815301076,1909f56bfc062723c751e8b465ee728b)  -> (artifact id: '92d64cab3818be82b282f37c134cc7af') in 0.776001 seconds
  Import took 0.784840 seconds .

========================================================================
Received Import Request.
  Time since last request: 0.000177 seconds.
  path: Assets/Invector-3rdPersonController_LITE/3D Models/Characters/Invector@V-Bot 2.0
  artifactKey: Guid(592212b3d25d5c94e8deb490ea381cb0) Importer(815301076,1909f56bfc062723c751e8b465ee728b)
Start importing Assets/Invector-3rdPersonController_LITE/3D Models/Characters/Invector@V-Bot 2.0 using Guid(592212b3d25d5c94e8deb490ea381cb0) Importer(815301076,1909f56bfc062723c751e8b465ee728b)  -> (artifact id: '5b13dec1f0dfdaf121f62f7dd3cceab9') in 0.047137 seconds
  Import took 0.084260 seconds .

========================================================================
Received Import Request.
  Time since last request: 0.000153 seconds.
  path: Assets/Invector-3rdPersonController_LITE/3D Models/Characters/Invector@V-Bot 2.0/Prefab
  artifactKey: Guid(5f962888a4641cb4d96e561cc8129866) Importer(815301076,1909f56bfc062723c751e8b465ee728b)
Start importing Assets/Invector-3rdPersonController_LITE/3D Models/Characters/Invector@V-Bot 2.0/Prefab using Guid(5f962888a4641cb4d96e561cc8129866) Importer(815301076,1909f56bfc062723c751e8b465ee728b)  -> (artifact id: '41d6867a8ae74415f4673251aa5c615c') in 0.061338 seconds
  Import took 0.088910 seconds .

========================================================================
Received Import Request.
  Time since last request: 0.000178 seconds.
  path: Assets/Invector-3rdPersonController_LITE/3D Models
  artifactKey: Guid(df7a237ce1e4b05448d6e510b58bfa45) Importer(815301076,1909f56bfc062723c751e8b465ee728b)
Start importing Assets/Invector-3rdPersonController_LITE/3D Models using Guid(df7a237ce1e4b05448d6e510b58bfa45) Importer(815301076,1909f56bfc062723c751e8b465ee728b)  -> (artifact id: 'e265842958e6e6bde448004169688ced') in 0.037833 seconds
  Import took 0.042860 seconds .

========================================================================
Received Import Request.
  Time since last request: 10.722540 seconds.
  path: Assets/Invector-3rdPersonController_LITE/3D Models/Animations/Basic_FreeMovement.fbx
  artifactKey: Guid(37c6cfe59f56e8a4799011397a870a8b) Importer(815301076,1909f56bfc062723c751e8b465ee728b)
Start importing Assets/Invector-3rdPersonController_LITE/3D Models/Animations/Basic_FreeMovement.fbx using Guid(37c6cfe59f56e8a4799011397a870a8b) Importer(815301076,1909f56bfc062723c751e8b465ee728b)  -> (artifact id: 'f5b359888ca67b4f8f81982390975a07') in 0.061144 seconds
  Import took 0.068458 seconds .

========================================================================
Received Import Request.
  Time since last request: 0.000247 seconds.
  path: Assets/Invector-3rdPersonController_LITE/3D Models/Animations/Basic_StrafeMoveset.fbx
  artifactKey: Guid(13d2640367521314591db34597e3f5d6) Importer(815301076,1909f56bfc062723c751e8b465ee728b)
Start importing Assets/Invector-3rdPersonController_LITE/3D Models/Animations/Basic_StrafeMoveset.fbx using Guid(13d2640367521314591db34597e3f5d6) Importer(815301076,1909f56bfc062723c751e8b465ee728b)  -> (artifact id: '081886ce6ec7d6fd3e6341ca533baf74') in 0.055028 seconds
  Import took 0.064850 seconds .

========================================================================
Received Import Request.
  Time since last request: 10.738494 seconds.
  path: Assets/Invector-3rdPersonController_LITE/3D Models/Animations/Other
  artifactKey: Guid(aad0d2768bb10294bbf454faab288615) Importer(815301076,1909f56bfc062723c751e8b465ee728b)
Start importing Assets/Invector-3rdPersonController_LITE/3D Models/Animations/Other using Guid(aad0d2768bb10294bbf454faab288615) Importer(815301076,1909f56bfc062723c751e8b465ee728b)  -> (artifact id: '0c172f869908c581910cf347febcbfab') in 0.037509 seconds
  Import took 0.042797 seconds .

========================================================================
Received Prepare
Registering precompiled user dll's ...
Registered in 0.004026 seconds.
Begin MonoManager ReloadAssembly
Native extension for WindowsStandalone target not found
Native extension for WebGL target not found
Refreshing native plugins compatible for Editor in 0.45 ms, found 0 plugins.
Preloading 0 native plugins for Editor in 0.00 ms.
Invoked RoslynAnalysisRunner static constructor.
RoslynAnalysisRunner will not be running.
RoslynAnalysisRunner has terminated.
Mono: successfully reloaded assembly
- Completed reload, in  1.231 seconds
Platform modules already initialized, skipping
Shader 'Universal Render Pipeline/Particles/Lit': fallback shader 'Universal Render Pipeline/Particles/SimpleLit' not found
Shader 'Universal Render Pipeline/Particles/Lit': fallback shader 'Universal Render Pipeline/Particles/SimpleLit' not found
Refreshing native plugins compatible for Editor in 0.43 ms, found 0 plugins.
Preloading 0 native plugins for Editor in 0.00 ms.
Unloading 2851 Unused Serialized files (Serialized files now loaded: 0)
System memory in use before: 144.1 MB.
System memory in use after: 142.2 MB.

Unloading 38 unused Assets to reduce memory usage. Loaded Objects now: 3439.
Total: 4.453900 ms (FindLiveObjects: 0.526700 ms CreateObjectMapping: 0.162400 ms MarkObjects: 2.456500 ms  DeleteObjects: 1.306300 ms)

========================================================================
Received Import Request.
  Time since last request: 8.233135 seconds.
  path: Assets/Invector-3rdPersonController_LITE/3D Models/Animations/VBOT2_0_Custom.controller
  artifactKey: Guid(73cd3d737e58b4e4d9907543717bdfad) Importer(815301076,1909f56bfc062723c751e8b465ee728b)
Start importing Assets/Invector-3rdPersonController_LITE/3D Models/Animations/VBOT2_0_Custom.controller using Guid(73cd3d737e58b4e4d9907543717bdfad) Importer(815301076,1909f56bfc062723c751e8b465ee728b)  -> (artifact id: '26bb65ecd3c9fded8942f64969a40b35') in 0.066200 seconds
  Import took 0.070955 seconds .

========================================================================
Received Import Request.
  Time since last request: 69.195616 seconds.
  path: ProjectSettings/TagManager.asset
  artifactKey: Guid(00000000000000003000000000000000) Importer(815301076,1909f56bfc062723c751e8b465ee728b)
Start importing ProjectSettings/TagManager.asset using Guid(00000000000000003000000000000000) Importer(815301076,1909f56bfc062723c751e8b465ee728b)  -> (artifact id: 'e8c3ab6b558fa7fe7c42e9a55a892947') in 0.053115 seconds
  Import took 0.059306 seconds .

========================================================================
Received Prepare
Registering precompiled user dll's ...
Registered in 0.011385 seconds.
Begin MonoManager ReloadAssembly
Native extension for WindowsStandalone target not found
Native extension for WebGL target not found
Refreshing native plugins compatible for Editor in 0.45 ms, found 0 plugins.
Preloading 0 native plugins for Editor in 0.00 ms.
Invoked RoslynAnalysisRunner static constructor.
RoslynAnalysisRunner will not be running.
RoslynAnalysisRunner has terminated.
Mono: successfully reloaded assembly
- Completed reload, in  1.662 seconds
Platform modules already initialized, skipping
Shader 'Universal Render Pipeline/Particles/Lit': fallback shader 'Universal Render Pipeline/Particles/SimpleLit' not found
Shader 'Universal Render Pipeline/Particles/Lit': fallback shader 'Universal Render Pipeline/Particles/SimpleLit' not found
Refreshing native plugins compatible for Editor in 0.82 ms, found 0 plugins.
Preloading 0 native plugins for Editor in 0.00 ms.
Unloading 2851 Unused Serialized files (Serialized files now loaded: 0)
System memory in use before: 144.2 MB.
System memory in use after: 142.3 MB.

Unloading 39 unused Assets to reduce memory usage. Loaded Objects now: 3441.
Total: 5.368400 ms (FindLiveObjects: 0.591000 ms CreateObjectMapping: 0.352900 ms MarkObjects: 2.416700 ms  DeleteObjects: 2.005800 ms)

========================================================================
Received Prepare
Registering precompiled user dll's ...
Registered in 0.002369 seconds.
Begin MonoManager ReloadAssembly
Native extension for WindowsStandalone target not found
Native extension for WebGL target not found
Refreshing native plugins compatible for Editor in 0.74 ms, found 0 plugins.
Preloading 0 native plugins for Editor in 0.00 ms.
Invoked RoslynAnalysisRunner static constructor.
RoslynAnalysisRunner will not be running.
RoslynAnalysisRunner has terminated.
Mono: successfully reloaded assembly
- Completed reload, in  1.360 seconds
Platform modules already initialized, skipping
Shader 'Universal Render Pipeline/Particles/Lit': fallback shader 'Universal Render Pipeline/Particles/SimpleLit' not found
Shader 'Universal Render Pipeline/Particles/Lit': fallback shader 'Universal Render Pipeline/Particles/SimpleLit' not found
Refreshing native plugins compatible for Editor in 1.16 ms, found 0 plugins.
Preloading 0 native plugins for Editor in 0.00 ms.
Unloading 2851 Unused Serialized files (Serialized files now loaded: 0)
System memory in use before: 144.2 MB.
System memory in use after: 142.3 MB.

Unloading 38 unused Assets to reduce memory usage. Loaded Objects now: 3443.
Total: 6.712300 ms (FindLiveObjects: 0.777700 ms CreateObjectMapping: 0.214500 ms MarkObjects: 3.509500 ms  DeleteObjects: 2.208100 ms)

========================================================================
Received Prepare
Registering precompiled user dll's ...
Registered in 0.006290 seconds.
Begin MonoManager ReloadAssembly
Native extension for WindowsStandalone target not found
Native extension for WebGL target not found
Refreshing native plugins compatible for Editor in 0.46 ms, found 0 plugins.
Preloading 0 native plugins for Editor in 0.00 ms.
Invoked RoslynAnalysisRunner static constructor.
RoslynAnalysisRunner will not be running.
RoslynAnalysisRunner has terminated.
Mono: successfully reloaded assembly
- Completed reload, in  1.270 seconds
Platform modules already initialized, skipping
Shader 'Universal Render Pipeline/Particles/Lit': fallback shader 'Universal Render Pipeline/Particles/SimpleLit' not found
Shader 'Universal Render Pipeline/Particles/Lit': fallback shader 'Universal Render Pipeline/Particles/SimpleLit' not found
Refreshing native plugins compatible for Editor in 0.54 ms, found 0 plugins.
Preloading 0 native plugins for Editor in 0.00 ms.
Unloading 2851 Unused Serialized files (Serialized files now loaded: 0)
System memory in use before: 144.2 MB.
System memory in use after: 142.3 MB.

Unloading 38 unused Assets to reduce memory usage. Loaded Objects now: 3445.
Total: 6.375000 ms (FindLiveObjects: 0.471400 ms CreateObjectMapping: 0.260000 ms MarkObjects: 2.304200 ms  DeleteObjects: 3.338100 ms)

========================================================================
Received Import Request.
  Time since last request: 518.266095 seconds.
  path: Assets/Invector-3rdPersonController_LITE
  artifactKey: Guid(3a3b8f0ce79dc1b468ddac47256b5c1f) Importer(815301076,1909f56bfc062723c751e8b465ee728b)
Start importing Assets/Invector-3rdPersonController_LITE using Guid(3a3b8f0ce79dc1b468ddac47256b5c1f) Importer(815301076,1909f56bfc062723c751e8b465ee728b)  -> (artifact id: '6560161dac6233d6c9b26643403761ac') in 0.050472 seconds
  Import took 0.056238 seconds .

========================================================================
Received Prepare
Registering precompiled user dll's ...
Registered in 0.002840 seconds.
Begin MonoManager ReloadAssembly
Native extension for WindowsStandalone target not found
Native extension for WebGL target not found
Refreshing native plugins compatible for Editor in 0.42 ms, found 0 plugins.
Preloading 0 native plugins for Editor in 0.00 ms.
Invoked RoslynAnalysisRunner static constructor.
RoslynAnalysisRunner will not be running.
RoslynAnalysisRunner has terminated.
Mono: successfully reloaded assembly
- Completed reload, in  1.168 seconds
Platform modules already initialized, skipping
Shader 'Universal Render Pipeline/Particles/Lit': fallback shader 'Universal Render Pipeline/Particles/SimpleLit' not found
Shader 'Universal Render Pipeline/Particles/Lit': fallback shader 'Universal Render Pipeline/Particles/SimpleLit' not found
Refreshing native plugins compatible for Editor in 0.84 ms, found 0 plugins.
Preloading 0 native plugins for Editor in 0.00 ms.
Unloading 2833 Unused Serialized files (Serialized files now loaded: 0)
System memory in use before: 143.8 MB.
System memory in use after: 142.0 MB.

Unloading 47 unused Assets to reduce memory usage. Loaded Objects now: 3438.
Total: 3.973400 ms (FindLiveObjects: 0.583800 ms CreateObjectMapping: 0.193000 ms MarkObjects: 1.839600 ms  DeleteObjects: 1.355000 ms)

========================================================================
Received Prepare
Registering precompiled user dll's ...
Registered in 0.003913 seconds.
Begin MonoManager ReloadAssembly
Native extension for WindowsStandalone target not found
Native extension for WebGL target not found
Refreshing native plugins compatible for Editor in 0.54 ms, found 0 plugins.
Preloading 0 native plugins for Editor in 0.00 ms.
Invoked RoslynAnalysisRunner static constructor.
RoslynAnalysisRunner will not be running.
RoslynAnalysisRunner has terminated.
Mono: successfully reloaded assembly
- Completed reload, in  1.597 seconds
Platform modules already initialized, skipping
Shader 'Universal Render Pipeline/Particles/Lit': fallback shader 'Universal Render Pipeline/Particles/SimpleLit' not found
Shader 'Universal Render Pipeline/Particles/Lit': fallback shader 'Universal Render Pipeline/Particles/SimpleLit' not found
Refreshing native plugins compatible for Editor in 0.42 ms, found 0 plugins.
Preloading 0 native plugins for Editor in 0.00 ms.
Unloading 2871 Unused Serialized files (Serialized files now loaded: 0)
System memory in use before: 144.7 MB.
System memory in use after: 142.9 MB.

Unloading 39 unused Assets to reduce memory usage. Loaded Objects now: 3477.
Total: 4.974400 ms (FindLiveObjects: 0.551700 ms CreateObjectMapping: 0.238100 ms MarkObjects: 2.585700 ms  DeleteObjects: 1.595400 ms)

========================================================================
Received Import Request.
  Time since last request: 193.461629 seconds.
  path: Assets/Character Movement Fundamentals
  artifactKey: Guid(e0484395891883c4bb372f057006b4f7) Importer(815301076,1909f56bfc062723c751e8b465ee728b)
Start importing Assets/Character Movement Fundamentals using Guid(e0484395891883c4bb372f057006b4f7) Importer(815301076,1909f56bfc062723c751e8b465ee728b)  -> (artifact id: 'b3a4ecfe77c4333c810b5269ec2343e6') in 0.079650 seconds
  Import took 0.087839 seconds .

========================================================================
Received Import Request.
  Time since last request: 1.324812 seconds.
  path: Assets/Character Movement Fundamentals/Prefabs
  artifactKey: Guid(3769a8e69ac4c5d4d8307439f30f6f0e) Importer(815301076,1909f56bfc062723c751e8b465ee728b)
Start importing Assets/Character Movement Fundamentals/Prefabs using Guid(3769a8e69ac4c5d4d8307439f30f6f0e) Importer(815301076,1909f56bfc062723c751e8b465ee728b)  -> (artifact id: '6171b753ff6cff70a942c0bc938da57f') in 0.044626 seconds
  Import took 0.072599 seconds .

========================================================================
Received Import Request.
  Time since last request: 1.084382 seconds.
  path: Assets/Character Movement Fundamentals/Prefabs/Controller
  artifactKey: Guid(580ccf6ab3889bd458d65282d20b6821) Importer(815301076,1909f56bfc062723c751e8b465ee728b)
Start importing Assets/Character Movement Fundamentals/Prefabs/Controller using Guid(580ccf6ab3889bd458d65282d20b6821) Importer(815301076,1909f56bfc062723c751e8b465ee728b)  -> (artifact id: 'afe41eafc3daebd853f24d0664584fff') in 0.030571 seconds
  Import took 0.039919 seconds .

========================================================================
Received Import Request.
  Time since last request: 1.302950 seconds.
  path: Assets/Character Movement Fundamentals/Prefabs/Controller/Simplified
  artifactKey: Guid(46517a5ea18044a4a91fe8c8cf277be0) Importer(815301076,1909f56bfc062723c751e8b465ee728b)
Start importing Assets/Character Movement Fundamentals/Prefabs/Controller/Simplified using Guid(46517a5ea18044a4a91fe8c8cf277be0) Importer(815301076,1909f56bfc062723c751e8b465ee728b)  -> (artifact id: 'b5056fa0185da249fd6916f56f3598b1') in 0.041814 seconds
  Import took 0.047212 seconds .

========================================================================
Received Import Request.
  Time since last request: 0.026526 seconds.
  path: Assets/Character Movement Fundamentals/Prefabs/Controller/Simplified/SimpleFirstPersonWalker.prefab
  artifactKey: Guid(456c1cbc22897d1479a87984f33850bc) Importer(815301076,1909f56bfc062723c751e8b465ee728b)
Start importing Assets/Character Movement Fundamentals/Prefabs/Controller/Simplified/SimpleFirstPersonWalker.prefab using Guid(456c1cbc22897d1479a87984f33850bc) Importer(815301076,1909f56bfc062723c751e8b465ee728b)  -> (artifact id: '2036e4db70bf9e6030784e7b129f5283') in 0.079286 seconds
  Import took 0.085566 seconds .

========================================================================
Received Import Request.
  Time since last request: 0.000248 seconds.
  path: Assets/Character Movement Fundamentals/Prefabs/Controller/Simplified/SimpleThirdPersonWalker.prefab
  artifactKey: Guid(fda96051142388e4cbaf774de278a4fc) Importer(815301076,1909f56bfc062723c751e8b465ee728b)
Start importing Assets/Character Movement Fundamentals/Prefabs/Controller/Simplified/SimpleThirdPersonWalker.prefab using Guid(fda96051142388e4cbaf774de278a4fc) Importer(815301076,1909f56bfc062723c751e8b465ee728b)  -> (artifact id: '184c1da0c29201e0053c6bb130f976ad') in 0.223870 seconds
  Import took 0.228787 seconds .

========================================================================
Received Prepare
Registering precompiled user dll's ...
Registered in 0.002270 seconds.
Begin MonoManager ReloadAssembly
Native extension for WindowsStandalone target not found
Native extension for WebGL target not found
Refreshing native plugins compatible for Editor in 0.50 ms, found 0 plugins.
Preloading 0 native plugins for Editor in 0.00 ms.
Invoked RoslynAnalysisRunner static constructor.
RoslynAnalysisRunner will not be running.
RoslynAnalysisRunner has terminated.
Mono: successfully reloaded assembly
- Completed reload, in  1.524 seconds
Platform modules already initialized, skipping
Shader 'Universal Render Pipeline/Particles/Lit': fallback shader 'Universal Render Pipeline/Particles/SimpleLit' not found
Shader 'Universal Render Pipeline/Particles/Lit': fallback shader 'Universal Render Pipeline/Particles/SimpleLit' not found
Refreshing native plugins compatible for Editor in 0.50 ms, found 0 plugins.
Preloading 0 native plugins for Editor in 0.00 ms.
Unloading 2871 Unused Serialized files (Serialized files now loaded: 0)
System memory in use before: 144.9 MB.
System memory in use after: 142.9 MB.

Unloading 39 unused Assets to reduce memory usage. Loaded Objects now: 3481.
Total: 5.873500 ms (FindLiveObjects: 0.992400 ms CreateObjectMapping: 0.328000 ms MarkObjects: 3.005300 ms  DeleteObjects: 1.546000 ms)

========================================================================
Received Prepare
Registering precompiled user dll's ...
Registered in 0.002080 seconds.
Begin MonoManager ReloadAssembly
Native extension for WindowsStandalone target not found
Native extension for WebGL target not found
Refreshing native plugins compatible for Editor in 0.46 ms, found 0 plugins.
Preloading 0 native plugins for Editor in 0.00 ms.
Invoked RoslynAnalysisRunner static constructor.
RoslynAnalysisRunner will not be running.
RoslynAnalysisRunner has terminated.
Mono: successfully reloaded assembly
- Completed reload, in  1.114 seconds
Platform modules already initialized, skipping
Shader 'Universal Render Pipeline/Particles/Lit': fallback shader 'Universal Render Pipeline/Particles/SimpleLit' not found
Shader 'Universal Render Pipeline/Particles/Lit': fallback shader 'Universal Render Pipeline/Particles/SimpleLit' not found
Refreshing native plugins compatible for Editor in 0.61 ms, found 0 plugins.
Preloading 0 native plugins for Editor in 0.00 ms.
Unloading 2871 Unused Serialized files (Serialized files now loaded: 0)
System memory in use before: 144.9 MB.
System memory in use after: 142.9 MB.

Unloading 39 unused Assets to reduce memory usage. Loaded Objects now: 3483.
Total: 5.631900 ms (FindLiveObjects: 0.470500 ms CreateObjectMapping: 0.190700 ms MarkObjects: 1.988900 ms  DeleteObjects: 2.977000 ms)

