Using pre-set license
Built from '2020.2/release' branch; Version is '2020.2.2f1 (068178b99f32) revision 426360'; Using compiler version '192528614'; Build Type 'Release'
OS: 'Windows 10 Pro; OS build 22000.258; Version 2009; 64bit' Language: 'en' Physical Memory: 32703 MB
BatchMode: 1, IsHumanControllingUs: 0, StartBugReporterOnCrash: 0, Is64bit: 1, IsPro: 0

 COMMAND LINE ARGUMENTS:
C:\Program Files\Unity\Hub\Editor\2020.2.2f1\Editor\Unity.exe
-adb2
-batchMode
-noUpm
-name
AssetImportWorker5
-projectPath
F:/Unity Projects/ShaderFunTAFE
-logFile
Logs/AssetImportWorker5.log
-srvPort
56581
Successfully changed project path to: F:/Unity Projects/ShaderFunTAFE
F:/Unity Projects/ShaderFunTAFE
Using Asset Import Pipeline V2.
Refreshing native plugins compatible for Editor in 62.42 ms, found 0 plugins.
Preloading 0 native plugins for Editor in 0.00 ms.
Initialize engine version: 2020.2.2f1 (068178b99f32)
[Subsystems] Discovering subsystems at path C:/Program Files/Unity/Hub/Editor/2020.2.2f1/Editor/Data/Resources/UnitySubsystems
[Subsystems] Discovering subsystems at path F:/Unity Projects/ShaderFunTAFE/Assets
GfxDevice: creating device client; threaded=0
Direct3D:
    Version:  Direct3D 11.0 [level 11.1]
    Renderer: NVIDIA GeForce RTX 3080 (ID=0x2206)
    Vendor:   
    VRAM:     10078 MB
    Driver:   30.0.14.9613
Initialize mono
Mono path[0] = 'C:/Program Files/Unity/Hub/Editor/2020.2.2f1/Editor/Data/Managed'
Mono path[1] = 'C:/Program Files/Unity/Hub/Editor/2020.2.2f1/Editor/Data/MonoBleedingEdge/lib/mono/unityjit'
Mono config path = 'C:/Program Files/Unity/Hub/Editor/2020.2.2f1/Editor/Data/MonoBleedingEdge/etc'
Using monoOptions --debugger-agent=transport=dt_socket,embedding=1,server=y,suspend=n,address=127.0.0.1:56412
Begin MonoManager ReloadAssembly
Registering precompiled unity dll's ...
Register platform support module: C:/Program Files/Unity/Hub/Editor/2020.2.2f1/Editor/Data/PlaybackEngines/WebGLSupport/UnityEditor.WebGL.Extensions.dll
Register platform support module: C:/Program Files/Unity/Hub/Editor/2020.2.2f1/Editor/Data/PlaybackEngines/WindowsStandaloneSupport/UnityEditor.WindowsStandalone.Extensions.dll
Registered in 0.002366 seconds.
Native extension for WindowsStandalone target not found
Native extension for WebGL target not found
Refreshing native plugins compatible for Editor in 67.44 ms, found 0 plugins.
Preloading 0 native plugins for Editor in 0.00 ms.
Invoked RoslynAnalysisRunner static constructor.
RoslynAnalysisRunner will not be running.
RoslynAnalysisRunner has terminated.
Mono: successfully reloaded assembly
- Completed reload, in  3.110 seconds
Platform modules already initialized, skipping
Registering precompiled user dll's ...
Registered in 0.002856 seconds.
Begin MonoManager ReloadAssembly
Native extension for WindowsStandalone target not found
Native extension for WebGL target not found
Refreshing native plugins compatible for Editor in 299.89 ms, found 0 plugins.
Preloading 0 native plugins for Editor in 0.00 ms.
Invoked RoslynAnalysisRunner static constructor.
RoslynAnalysisRunner will not be running.
RoslynAnalysisRunner has terminated.
Mono: successfully reloaded assembly
- Completed reload, in  1.651 seconds
Platform modules already initialized, skipping
========================================================================
Worker process is ready to serve import requests
Shader 'Universal Render Pipeline/Particles/Lit': fallback shader 'Universal Render Pipeline/Particles/SimpleLit' not found
Shader 'Universal Render Pipeline/Particles/Lit': fallback shader 'Universal Render Pipeline/Particles/SimpleLit' not found
Launched and connected shader compiler UnityShaderCompiler.exe after 0.33 seconds
Refreshing native plugins compatible for Editor in 0.57 ms, found 0 plugins.
Preloading 0 native plugins for Editor in 0.00 ms.
Unloading 2910 Unused Serialized files (Serialized files now loaded: 0)
System memory in use before: 126.5 MB.
System memory in use after: 123.9 MB.

Unloading 55 unused Assets to reduce memory usage. Loaded Objects now: 3311.
Total: 4.530400 ms (FindLiveObjects: 0.430900 ms CreateObjectMapping: 0.172200 ms MarkObjects: 1.689700 ms  DeleteObjects: 2.235900 ms)

========================================================================
Received Import Request.
  path: Assets/Character Movement Fundamentals/Prefabs/Environment/Static/Tunnel_18x18.prefab
  artifactKey: Guid(4e1f4b2d33940d94293dd7050c32b6d0) Importer(815301076,1909f56bfc062723c751e8b465ee728b)
Start importing Assets/Character Movement Fundamentals/Prefabs/Environment/Static/Tunnel_18x18.prefab using Guid(4e1f4b2d33940d94293dd7050c32b6d0) Importer(815301076,1909f56bfc062723c751e8b465ee728b)  -> (artifact id: '405d2b377132700e58925c0f7f67dc98') in 0.345888 seconds
  Import took 0.388114 seconds .

========================================================================
Received Import Request.
  Time since last request: 0.000197 seconds.
  path: Assets/Character Movement Fundamentals/Prefabs/Environment/Static/Stair_8x4x1.prefab
  artifactKey: Guid(9ee030801cfe27e498146958ad2289c1) Importer(815301076,1909f56bfc062723c751e8b465ee728b)
Start importing Assets/Character Movement Fundamentals/Prefabs/Environment/Static/Stair_8x4x1.prefab using Guid(9ee030801cfe27e498146958ad2289c1) Importer(815301076,1909f56bfc062723c751e8b465ee728b)  -> (artifact id: '19d7d0d1bd3984208da3332f8214e340') in 0.170234 seconds
  Import took 0.220278 seconds .

========================================================================
Received Import Request.
  Time since last request: 0.000214 seconds.
  path: Assets/Character Movement Fundamentals/Prefabs/Environment/Static/Tile_4x4x1.prefab
  artifactKey: Guid(4dc2c143bf9ffbb4b8178ab20f930ca6) Importer(815301076,1909f56bfc062723c751e8b465ee728b)
Start importing Assets/Character Movement Fundamentals/Prefabs/Environment/Static/Tile_4x4x1.prefab using Guid(4dc2c143bf9ffbb4b8178ab20f930ca6) Importer(815301076,1909f56bfc062723c751e8b465ee728b)  -> (artifact id: '6a2c796916ac11edd3e53f202983e1c4') in 0.139311 seconds
  Import took 0.403529 seconds .

========================================================================
Received Import Request.
  Time since last request: 0.000233 seconds.
  path: Assets/Character Movement Fundamentals/Prefabs/Controller/Blank/TopDownWalker.prefab
  artifactKey: Guid(90f0d76140309b246a4ab80b3cc13882) Importer(815301076,1909f56bfc062723c751e8b465ee728b)
Start importing Assets/Character Movement Fundamentals/Prefabs/Controller/Blank/TopDownWalker.prefab using Guid(90f0d76140309b246a4ab80b3cc13882) Importer(815301076,1909f56bfc062723c751e8b465ee728b)  -> (artifact id: '072a8f2ef0f75ac76722d806dd7387cd') in 0.222700 seconds
  Import took 0.258258 seconds .

========================================================================
Received Import Request.
  Time since last request: 0.000253 seconds.
  path: Assets/Character Movement Fundamentals/Prefabs/Environment/Static/Ramp_4x4x2.prefab
  artifactKey: Guid(b0a74fd0f12544b43b845259f2a12cf5) Importer(815301076,1909f56bfc062723c751e8b465ee728b)
Start importing Assets/Character Movement Fundamentals/Prefabs/Environment/Static/Ramp_4x4x2.prefab using Guid(b0a74fd0f12544b43b845259f2a12cf5) Importer(815301076,1909f56bfc062723c751e8b465ee728b)  -> (artifact id: '327979da2b7ce6ffe7130e4230d41d6e') in 0.082519 seconds
  Import took 0.115472 seconds .

========================================================================
Received Import Request.
  Time since last request: 0.000192 seconds.
  path: Assets/Character Movement Fundamentals/Prefabs/Environment/Static/Cube_4x4x2.prefab
  artifactKey: Guid(bc8ceadc0b3549e4bb5ab1d412142f45) Importer(815301076,1909f56bfc062723c751e8b465ee728b)
Start importing Assets/Character Movement Fundamentals/Prefabs/Environment/Static/Cube_4x4x2.prefab using Guid(bc8ceadc0b3549e4bb5ab1d412142f45) Importer(815301076,1909f56bfc062723c751e8b465ee728b)  -> (artifact id: '500445fa7b8f229f7958a3dd939ef9a8') in 0.067352 seconds
  Import took 0.091638 seconds .

========================================================================
Received Import Request.
  Time since last request: 0.000216 seconds.
  path: Assets/Character Movement Fundamentals/Prefabs/Controller/Blank/FirstPersonWalker.prefab
  artifactKey: Guid(1ea5714554406484c8037e495f767252) Importer(815301076,1909f56bfc062723c751e8b465ee728b)
Start importing Assets/Character Movement Fundamentals/Prefabs/Controller/Blank/FirstPersonWalker.prefab using Guid(1ea5714554406484c8037e495f767252) Importer(815301076,1909f56bfc062723c751e8b465ee728b)  -> (artifact id: '902feb5db09fe21645d202faced4cd9a') in 0.075948 seconds
  Import took 0.108900 seconds .

========================================================================
Received Import Request.
  Time since last request: 0.000224 seconds.
  path: Assets/Character Movement Fundamentals/Prefabs/Environment/Static/Terrain.prefab
  artifactKey: Guid(306992aaa36a615449dc9b27ef645f52) Importer(815301076,1909f56bfc062723c751e8b465ee728b)
Start importing Assets/Character Movement Fundamentals/Prefabs/Environment/Static/Terrain.prefab using Guid(306992aaa36a615449dc9b27ef645f52) Importer(815301076,1909f56bfc062723c751e8b465ee728b)  -> (artifact id: '3829dc1d9f740c69247ee5d5fc42c635') in 0.202026 seconds
  Import took 0.248717 seconds .

========================================================================
Received Import Request.
  Time since last request: 0.000233 seconds.
  path: Assets/Character Movement Fundamentals/Prefabs/Controller/Blank/ThirdPersonWalker_C.prefab
  artifactKey: Guid(02db1269cd824a742a44596330eb0f28) Importer(815301076,1909f56bfc062723c751e8b465ee728b)
Start importing Assets/Character Movement Fundamentals/Prefabs/Controller/Blank/ThirdPersonWalker_C.prefab using Guid(02db1269cd824a742a44596330eb0f28) Importer(815301076,1909f56bfc062723c751e8b465ee728b)  -> (artifact id: 'a6210de8a52ae57bcb7502d0ddd1dd05') in 0.182863 seconds
  Import took 0.189489 seconds .

========================================================================
Received Import Request.
  Time since last request: 0.000291 seconds.
  path: Assets/Character Movement Fundamentals/Prefabs/Environment/Static/Cube_4x4x4.prefab
  artifactKey: Guid(9af4bc1d01b9ec04c9d66a88ace89c21) Importer(815301076,1909f56bfc062723c751e8b465ee728b)
Start importing Assets/Character Movement Fundamentals/Prefabs/Environment/Static/Cube_4x4x4.prefab using Guid(9af4bc1d01b9ec04c9d66a88ace89c21) Importer(815301076,1909f56bfc062723c751e8b465ee728b)  -> (artifact id: '8758899e545b1a358001012476dd03fb') in 0.124205 seconds
  Import took 0.151286 seconds .

========================================================================
Received Import Request.
  Time since last request: 0.000206 seconds.
  path: Assets/Character Movement Fundamentals/Prefabs/Controller/Blank
  artifactKey: Guid(5bb5a4d77c6b9bb4f8597b7a1bb7c00b) Importer(815301076,1909f56bfc062723c751e8b465ee728b)
Start importing Assets/Character Movement Fundamentals/Prefabs/Controller/Blank using Guid(5bb5a4d77c6b9bb4f8597b7a1bb7c00b) Importer(815301076,1909f56bfc062723c751e8b465ee728b)  -> (artifact id: 'd1a5fd57fa6821bb15486cbf91f7274d') in 0.063111 seconds
  Import took 0.088069 seconds .

========================================================================
Received Import Request.
  Time since last request: 0.000206 seconds.
  path: Assets/Character Movement Fundamentals/Prefabs/Environment/Static/Stair_8x4x4.prefab
  artifactKey: Guid(e907a2df8aff59c44ba0f1e40ff166d0) Importer(815301076,1909f56bfc062723c751e8b465ee728b)
Start importing Assets/Character Movement Fundamentals/Prefabs/Environment/Static/Stair_8x4x4.prefab using Guid(e907a2df8aff59c44ba0f1e40ff166d0) Importer(815301076,1909f56bfc062723c751e8b465ee728b)  -> (artifact id: '3024ff36647c372c82d02956a9e90752') in 0.086676 seconds
  Import took 0.103222 seconds .

========================================================================
Received Import Request.
  Time since last request: 0.000217 seconds.
  path: Assets/Character Movement Fundamentals/Prefabs/Environment/Static/WaveTile_20x4.prefab
  artifactKey: Guid(31fe7464a84a3d344862b5fa6349a33a) Importer(815301076,1909f56bfc062723c751e8b465ee728b)
Start importing Assets/Character Movement Fundamentals/Prefabs/Environment/Static/WaveTile_20x4.prefab using Guid(31fe7464a84a3d344862b5fa6349a33a) Importer(815301076,1909f56bfc062723c751e8b465ee728b)  -> (artifact id: '69a9002556e94a3a60a11f53c1c91cba') in 0.128741 seconds
  Import took 0.158265 seconds .

========================================================================
Received Import Request.
  Time since last request: 0.000238 seconds.
  path: Assets/Character Movement Fundamentals/Prefabs/Controller/Blank/ThirdPersonWalker_A.prefab
  artifactKey: Guid(a00ef768dbc458c49b48d4172fcdc73f) Importer(815301076,1909f56bfc062723c751e8b465ee728b)
Start importing Assets/Character Movement Fundamentals/Prefabs/Controller/Blank/ThirdPersonWalker_A.prefab using Guid(a00ef768dbc458c49b48d4172fcdc73f) Importer(815301076,1909f56bfc062723c751e8b465ee728b)  -> (artifact id: '83b418a38ca6cc3eb4fb383a7a790a61') in 0.100407 seconds
  Import took 0.147366 seconds .

========================================================================
Received Import Request.
  Time since last request: 0.000237 seconds.
  path: Assets/Character Movement Fundamentals/Prefabs/Controller/Blank/SideScroller.prefab
  artifactKey: Guid(598b6bc40260ea04b9652cd28338a36e) Importer(815301076,1909f56bfc062723c751e8b465ee728b)
Start importing Assets/Character Movement Fundamentals/Prefabs/Controller/Blank/SideScroller.prefab using Guid(598b6bc40260ea04b9652cd28338a36e) Importer(815301076,1909f56bfc062723c751e8b465ee728b)  -> (artifact id: '326df689968b8bf81a12af05168a12b3') in 0.057699 seconds
  Import took 0.063368 seconds .

========================================================================
Received Import Request.
  Time since last request: 0.000204 seconds.
  path: Assets/Character Movement Fundamentals/Prefabs/Environment/Static/Tile_8x8x2.prefab
  artifactKey: Guid(94abe9e3247bec64db8e3c627dd2889a) Importer(815301076,1909f56bfc062723c751e8b465ee728b)
Start importing Assets/Character Movement Fundamentals/Prefabs/Environment/Static/Tile_8x8x2.prefab using Guid(94abe9e3247bec64db8e3c627dd2889a) Importer(815301076,1909f56bfc062723c751e8b465ee728b)  -> (artifact id: '700e96b6b9e972abd33138e5934ff8d2') in 0.136961 seconds
  Import took 0.140961 seconds .

========================================================================
Received Import Request.
  Time since last request: 0.000186 seconds.
  path: Assets/Character Movement Fundamentals/Prefabs/Environment/Static/Stair_4x4x2.prefab
  artifactKey: Guid(8f2cc1af87767614284ac252281120c2) Importer(815301076,1909f56bfc062723c751e8b465ee728b)
Start importing Assets/Character Movement Fundamentals/Prefabs/Environment/Static/Stair_4x4x2.prefab using Guid(8f2cc1af87767614284ac252281120c2) Importer(815301076,1909f56bfc062723c751e8b465ee728b)  -> (artifact id: '4ed057cb7324ef0ec70bbb7c60ce68b3') in 0.107689 seconds
  Import took 0.112698 seconds .

========================================================================
Received Import Request.
  Time since last request: 0.000221 seconds.
  path: Assets/Character Movement Fundamentals/Prefabs/Controller/Blank/ClickToMoveWalker.prefab
  artifactKey: Guid(672fa25cbe4559248a5115f552994375) Importer(815301076,1909f56bfc062723c751e8b465ee728b)
Start importing Assets/Character Movement Fundamentals/Prefabs/Controller/Blank/ClickToMoveWalker.prefab using Guid(672fa25cbe4559248a5115f552994375) Importer(815301076,1909f56bfc062723c751e8b465ee728b)  -> (artifact id: 'a406cfa5dd9e3aa06e3809ba4cb37694') in 0.061988 seconds
  Import took 0.068616 seconds .

========================================================================
Received Import Request.
  Time since last request: 0.000218 seconds.
  path: Assets/Character Movement Fundamentals/Prefabs/Controller/Blank/ThirdPersonWalker_B.prefab
  artifactKey: Guid(41d5060342076c64fbfc3a2c9be14c3c) Importer(815301076,1909f56bfc062723c751e8b465ee728b)
Start importing Assets/Character Movement Fundamentals/Prefabs/Controller/Blank/ThirdPersonWalker_B.prefab using Guid(41d5060342076c64fbfc3a2c9be14c3c) Importer(815301076,1909f56bfc062723c751e8b465ee728b)  -> (artifact id: '1f7035a6603545ec330eecad04026a3d') in 0.092549 seconds
  Import took 0.099124 seconds .

========================================================================
Received Import Request.
  Time since last request: 0.000186 seconds.
  path: Assets/Character Movement Fundamentals/Prefabs/Environment/Static/Stair_8x4x2_Small.prefab
  artifactKey: Guid(d195d2e61b2b96740b9fee3327219a1f) Importer(815301076,1909f56bfc062723c751e8b465ee728b)
Start importing Assets/Character Movement Fundamentals/Prefabs/Environment/Static/Stair_8x4x2_Small.prefab using Guid(d195d2e61b2b96740b9fee3327219a1f) Importer(815301076,1909f56bfc062723c751e8b465ee728b)  -> (artifact id: 'c510486eeb9ccca013620c9cd97dc332') in 0.126605 seconds
  Import took 0.133355 seconds .

========================================================================
Received Import Request.
  Time since last request: 0.000163 seconds.
  path: Assets/Character Movement Fundamentals/Prefabs/Environment/Static/Stair_8x4x2.prefab
  artifactKey: Guid(e128ad0bc7a42ab45839984b828e5bcb) Importer(815301076,1909f56bfc062723c751e8b465ee728b)
Start importing Assets/Character Movement Fundamentals/Prefabs/Environment/Static/Stair_8x4x2.prefab using Guid(e128ad0bc7a42ab45839984b828e5bcb) Importer(815301076,1909f56bfc062723c751e8b465ee728b)  -> (artifact id: 'd07b86dddfb60d29c0d14aa1e250464a') in 0.098762 seconds
  Import took 0.134566 seconds .

========================================================================
Received Import Request.
  Time since last request: 0.000208 seconds.
  path: Assets/Character Movement Fundamentals/Prefabs/Environment/Static/Ramp_4x4x1.prefab
  artifactKey: Guid(f557ed81f5649d640a89cc935866bedb) Importer(815301076,1909f56bfc062723c751e8b465ee728b)
Start importing Assets/Character Movement Fundamentals/Prefabs/Environment/Static/Ramp_4x4x1.prefab using Guid(f557ed81f5649d640a89cc935866bedb) Importer(815301076,1909f56bfc062723c751e8b465ee728b)  -> (artifact id: '32962495a9332aa9f8df43616f1c7199') in 0.189811 seconds
  Import took 0.195498 seconds .

========================================================================
Received Import Request.
  Time since last request: 0.005615 seconds.
  path: Assets/Character Movement Fundamentals/Prefabs/Environment/Static/Tile_16x16x2.prefab
  artifactKey: Guid(7d931555e87222947a8181fc81cabd1e) Importer(815301076,1909f56bfc062723c751e8b465ee728b)
Start importing Assets/Character Movement Fundamentals/Prefabs/Environment/Static/Tile_16x16x2.prefab using Guid(7d931555e87222947a8181fc81cabd1e) Importer(815301076,1909f56bfc062723c751e8b465ee728b)  -> (artifact id: '9922901e5c81bfa06bf814d8a333397b') in 0.260945 seconds
  Import took 0.289303 seconds .

========================================================================
Received Import Request.
  Time since last request: 0.002517 seconds.
  path: Assets/Character Movement Fundamentals/Prefabs/Environment/Static/Cube_2x2x2.prefab
  artifactKey: Guid(86496ff5b27bea840ad25d9fcc9c792e) Importer(815301076,1909f56bfc062723c751e8b465ee728b)
Start importing Assets/Character Movement Fundamentals/Prefabs/Environment/Static/Cube_2x2x2.prefab using Guid(86496ff5b27bea840ad25d9fcc9c792e) Importer(815301076,1909f56bfc062723c751e8b465ee728b)  -> (artifact id: 'e19287a0e330ed1bde221c4ed4593f66') in 0.085015 seconds
  Import took 0.149704 seconds .

========================================================================
Received Import Request.
  Time since last request: 0.000274 seconds.
  path: Assets/Character Movement Fundamentals/Prefabs/Environment/Static/Ramp_8x4x4.prefab
  artifactKey: Guid(5392e0b5a85da2146b1f076d1d875bf0) Importer(815301076,1909f56bfc062723c751e8b465ee728b)
Start importing Assets/Character Movement Fundamentals/Prefabs/Environment/Static/Ramp_8x4x4.prefab using Guid(5392e0b5a85da2146b1f076d1d875bf0) Importer(815301076,1909f56bfc062723c751e8b465ee728b)  -> (artifact id: '34a89810448540d2ef289e75c7cc823a') in 0.193688 seconds
  Import took 0.222619 seconds .

========================================================================
Received Prepare
Registering precompiled user dll's ...
Registered in 0.004546 seconds.
Begin MonoManager ReloadAssembly
Native extension for WindowsStandalone target not found
Native extension for WebGL target not found
Refreshing native plugins compatible for Editor in 0.50 ms, found 0 plugins.
Preloading 0 native plugins for Editor in 0.00 ms.
Invoked RoslynAnalysisRunner static constructor.
RoslynAnalysisRunner will not be running.
RoslynAnalysisRunner has terminated.
Mono: successfully reloaded assembly
- Completed reload, in  1.188 seconds
Platform modules already initialized, skipping
Shader 'Universal Render Pipeline/Particles/Lit': fallback shader 'Universal Render Pipeline/Particles/SimpleLit' not found
Shader 'Universal Render Pipeline/Particles/Lit': fallback shader 'Universal Render Pipeline/Particles/SimpleLit' not found
Refreshing native plugins compatible for Editor in 0.57 ms, found 0 plugins.
Preloading 0 native plugins for Editor in 0.00 ms.
Unloading 2882 Unused Serialized files (Serialized files now loaded: 0)
System memory in use before: 128.8 MB.
System memory in use after: 126.2 MB.

Unloading 50 unused Assets to reduce memory usage. Loaded Objects now: 3321.
Total: 4.181600 ms (FindLiveObjects: 0.400100 ms CreateObjectMapping: 0.163300 ms MarkObjects: 1.859200 ms  DeleteObjects: 1.757700 ms)

